<?xml version="1.0" encoding="UTF-8"?>
<!-- Generated by org.testng.reporters.JUnitReportReporter -->
<testsuite hostname="EPAMYERW0057" name="com.epam.mentoringDesignPatternsTask.MailLoginTest" tests="1" failures="1" timestamp="20 Aug 2017 13:19:15 GMT" time="58.270" errors="0">
  <testcase name="loginTest" time="58.270" classname="com.epam.mentoringDesignPatternsTask.MailLoginTest">
    <failure type="com.codeborne.selenide.ex.ElementNotFound" message="Element not found {By.name: login}
Expected: exist">
      <![CDATA[Element not found {By.name: login}
Expected: exist
Screenshot: 
Timeout: 4 s.
Caused by: WebDriverException: Failed to connect to binary FirefoxBinary(C:\Program Files\Mozilla Firefox\firefox.exe) on port 7055; process output follows:
	at com.codeborne.selenide.impl.WebElementSource.createElementNotFoundError(WebElementSource.java:31)
	at com.codeborne.selenide.impl.ElementFinder.createElementNotFoundError(ElementFinder.java:82)
	at com.codeborne.selenide.impl.SelenideElementProxy.dispatchAndRetry(SelenideElementProxy.java:107)
	at com.codeborne.selenide.impl.SelenideElementProxy.invoke(SelenideElementProxy.java:58)
	at com.sun.proxy.$Proxy8.sendKeys(Unknown Source)
	at com.epam.pages.LoginPage.setUserName(LoginPage.java:28)
	at com.epam.mentoringDesignPatternsTask.MailLoginTest.loginTest(MailLoginTest.java:25)
	at sun.reflect.NativeMethodAccessorImpl.invoke0(Native Method)
	at sun.reflect.NativeMethodAccessorImpl.invoke(Unknown Source)
	at sun.reflect.DelegatingMethodAccessorImpl.invoke(Unknown Source)
	at java.lang.reflect.Method.invoke(Unknown Source)
	at org.testng.internal.MethodInvocationHelper.invokeMethod(MethodInvocationHelper.java:86)
	at org.testng.internal.Invoker.invokeMethod(Invoker.java:643)
	at org.testng.internal.Invoker.invokeTestMethod(Invoker.java:820)
	at org.testng.internal.Invoker.invokeTestMethods(Invoker.java:1128)
	at org.testng.internal.TestMethodWorker.invokeTestMethods(TestMethodWorker.java:129)
	at org.testng.internal.TestMethodWorker.run(TestMethodWorker.java:112)
	at org.testng.TestRunner.privateRun(TestRunner.java:782)
	at org.testng.TestRunner.run(TestRunner.java:632)
	at org.testng.SuiteRunner.runTest(SuiteRunner.java:366)
	at org.testng.SuiteRunner.runSequentially(SuiteRunner.java:361)
	at org.testng.SuiteRunner.privateRun(SuiteRunner.java:319)
	at org.testng.SuiteRunner.run(SuiteRunner.java:268)
	at org.testng.SuiteRunnerWorker.runSuite(SuiteRunnerWorker.java:52)
	at org.testng.SuiteRunnerWorker.run(SuiteRunnerWorker.java:86)
	at org.testng.TestNG.runSuitesSequentially(TestNG.java:1244)
	at org.testng.TestNG.runSuitesLocally(TestNG.java:1169)
	at org.testng.TestNG.run(TestNG.java:1064)
	at org.testng.remote.AbstractRemoteTestNG.run(AbstractRemoteTestNG.java:132)
	at org.testng.remote.RemoteTestNG.initAndRun(RemoteTestNG.java:230)
	at org.testng.remote.RemoteTestNG.main(RemoteTestNG.java:76)
Caused by: org.openqa.selenium.WebDriverException: Failed to connect to binary FirefoxBinary(C:\Program Files\Mozilla Firefox\firefox.exe) on port 7055; process output follows: 
 blocker for XPIProvider
1503235111424	addons.manager	DEBUG	Provider finished startup: XPIProvider
1503235111424	addons.manager	DEBUG	Starting provider: LightweightThemeManager
1503235111424	addons.manager	DEBUG	Registering shutdown blocker for LightweightThemeManager
1503235111424	addons.manager	DEBUG	Provider finished startup: LightweightThemeManager
1503235111425	addons.manager	DEBUG	Starting provider: GMPProvider
1503235111447	addons.manager	DEBUG	Registering shutdown blocker for GMPProvider
1503235111447	addons.manager	DEBUG	Provider finished startup: GMPProvider
1503235111447	addons.manager	DEBUG	Starting provider: PluginProvider
1503235111448	addons.manager	DEBUG	Registering shutdown blocker for PluginProvider
1503235111448	addons.manager	DEBUG	Provider finished startup: PluginProvider
1503235111449	addons.manager	DEBUG	Completed startup sequence
1503235113365	addons.manager	DEBUG	Starting provider: <unnamed-provider>
1503235113365	addons.manager	DEBUG	Registering shutdown blocker for <unnamed-provider>
1503235113365	addons.manager	DEBUG	Provider finished startup: <unnamed-provider>
1503235113799	DeferredSave.extensions.json	DEBUG	Write succeeded
1503235113799	addons.xpi-utils	DEBUG	XPI Database saved, setting schema version preference to 19
1503235113799	DeferredSave.extensions.json	DEBUG	Starting timer
1503235113824	DeferredSave.extensions.json	DEBUG	Starting write
1503235113835	addons.repository	DEBUG	No addons.json found.
1503235113836	DeferredSave.addons.json	DEBUG	Save changes
1503235113844	DeferredSave.addons.json	DEBUG	Starting timer
1503235114216	addons.manager	DEBUG	Starting provider: PreviousExperimentProvider
1503235114216	addons.manager	DEBUG	Registering shutdown blocker for PreviousExperimentProvider
1503235114218	addons.manager	DEBUG	Provider finished startup: PreviousExperimentProvider
1503235114223	DeferredSave.addons.json	DEBUG	Starting write
1503235114248	DeferredSave.extensions.json	DEBUG	Write succeeded
1503235114369	DeferredSave.addons.json	DEBUG	Write succeeded
[GPU 13496] WARNING: pipe error: 109: file c:/builds/moz2_slave/m-rel-w64-00000000000000000000/build/src/ipc/chromium/src/chrome/common/ipc_channel_win.cc, line 346
1503235121483	addons.xpi	DEBUG	Calling bootstrap method shutdown on webcompat@mozilla.org version 1.1
1503235121484	addons.xpi	DEBUG	Calling bootstrap method shutdown on screenshots@mozilla.org version 6.6.0
1503235121485	addons.xpi	DEBUG	Calling bootstrap method shutdown on firefox@getpocket.com version 1.0.5
1503235121486	addons.xpi	DEBUG	Calling bootstrap method shutdown on e10srollout@mozilla.org version 1.50
1503235121487	addons.xpi	DEBUG	Calling bootstrap method shutdown on aushelper@mozilla.org version 2.0
[GPU 13496] WARNING: pipe error: 109: file c:/builds/moz2_slave/m-rel-w64-00000000000000000000/build/src/ipc/chromium/src/chrome/common/ipc_channel_win.cc, line 346
[Child 23664] WARNING: pipe error: 109: file c:/builds/moz2_slave/m-rel-w64-00000000000000000000/build/src/ipc/chromium/src/chrome/common/ipc_channel_win.cc, line 346
[Child 23664] WARNING: pipe error: 109: file c:/builds/moz2_slave/m-rel-w64-00000000000000000000/build/src/ipc/chromium/src/chrome/common/ipc_channel_win.cc, line 346
1503235121871	addons.manager	DEBUG	shutdown
1503235121872	addons.manager	DEBUG	Calling shutdown blocker for XPIProvider
1503235121872	addons.xpi	DEBUG	shutdown
1503235121873	addons.xpi-utils	DEBUG	shutdown
1503235121874	addons.manager	DEBUG	Calling shutdown blocker for LightweightThemeManager
1503235121874	addons.manager	DEBUG	Calling shutdown blocker for GMPProvider
1503235121876	addons.manager	DEBUG	Calling shutdown blocker for PluginProvider
1503235121877	addons.manager	DEBUG	Calling shutdown blocker for <unnamed-provider>
1503235121878	addons.manager	DEBUG	Calling shutdown blocker for PreviousExperimentProvider
1503235121880	addons.xpi	DEBUG	Notifying XPI shutdown observers
1503235121885	addons.manager	DEBUG	Async provider shutdown done

###!!! [Child][MessageChannel::SendAndWait] Error: Channel error: cannot send/recv


Build info: version: '2.52.0', revision: '4c2593cfc3689a7fcd7be52549167e5ccc93ad28', time: '2016-02-11 11:22:43'
System info: host: 'EPAMYERW0057', ip: '192.168.56.1', os.name: 'Windows 10', os.arch: 'amd64', os.version: '10.0', java.version: '1.8.0_92'
Driver info: driver.version: FirefoxDriver
	at org.openqa.selenium.firefox.internal.NewProfileExtensionConnection.start(NewProfileExtensionConnection.java:125)
	at org.openqa.selenium.firefox.FirefoxDriver.startClient(FirefoxDriver.java:271)
	at org.openqa.selenium.remote.RemoteWebDriver.<init>(RemoteWebDriver.java:119)
	at org.openqa.selenium.firefox.FirefoxDriver.<init>(FirefoxDriver.java:216)
	at org.openqa.selenium.firefox.FirefoxDriver.<init>(FirefoxDriver.java:211)
	at org.openqa.selenium.firefox.FirefoxDriver.<init>(FirefoxDriver.java:128)
	at com.codeborne.selenide.webdriver.WebDriverFactory.createFirefoxDriver(WebDriverFactory.java:95)
	at com.codeborne.selenide.webdriver.WebDriverFactory.createWebDriver(WebDriverFactory.java:40)
	at com.codeborne.selenide.impl.WebDriverThreadLocalContainer.createDriver(WebDriverThreadLocalContainer.java:214)
	at com.codeborne.selenide.impl.WebDriverThreadLocalContainer.getWebDriver(WebDriverThreadLocalContainer.java:95)
	at com.codeborne.selenide.WebDriverRunner.getWebDriver(WebDriverRunner.java:101)
	at com.codeborne.selenide.impl.ElementFinder.getSearchContext(ElementFinder.java:68)
	at com.codeborne.selenide.impl.ElementFinder.getWebElement(ElementFinder.java:56)
	at com.codeborne.selenide.impl.SelenideElementProxy.dispatchAndRetry(SelenideElementProxy.java:85)
	... 28 more
Caused by: org.openqa.selenium.firefox.NotConnectedException: Unable to connect to host 127.0.0.1 on port 7055 after 45000 ms. Firefox console output:
 blocker for XPIProvider
1503235111424	addons.manager	DEBUG	Provider finished startup: XPIProvider
1503235111424	addons.manager	DEBUG	Starting provider: LightweightThemeManager
1503235111424	addons.manager	DEBUG	Registering shutdown blocker for LightweightThemeManager
1503235111424	addons.manager	DEBUG	Provider finished startup: LightweightThemeManager
1503235111425	addons.manager	DEBUG	Starting provider: GMPProvider
1503235111447	addons.manager	DEBUG	Registering shutdown blocker for GMPProvider
1503235111447	addons.manager	DEBUG	Provider finished startup: GMPProvider
1503235111447	addons.manager	DEBUG	Starting provider: PluginProvider
1503235111448	addons.manager	DEBUG	Registering shutdown blocker for PluginProvider
1503235111448	addons.manager	DEBUG	Provider finished startup: PluginProvider
1503235111449	addons.manager	DEBUG	Completed startup sequence
1503235113365	addons.manager	DEBUG	Starting provider: <unnamed-provider>
1503235113365	addons.manager	DEBUG	Registering shutdown blocker for <unnamed-provider>
1503235113365	addons.manager	DEBUG	Provider finished startup: <unnamed-provider>
1503235113799	DeferredSave.extensions.json	DEBUG	Write succeeded
1503235113799	addons.xpi-utils	DEBUG	XPI Database saved, setting schema version preference to 19
1503235113799	DeferredSave.extensions.json	DEBUG	Starting timer
1503235113824	DeferredSave.extensions.json	DEBUG	Starting write
1503235113835	addons.repository	DEBUG	No addons.json found.
1503235113836	DeferredSave.addons.json	DEBUG	Save changes
1503235113844	DeferredSave.addons.json	DEBUG	Starting timer
1503235114216	addons.manager	DEBUG	Starting provider: PreviousExperimentProvider
1503235114216	addons.manager	DEBUG	Registering shutdown blocker for PreviousExperimentProvider
1503235114218	addons.manager	DEBUG	Provider finished startup: PreviousExperimentProvider
1503235114223	DeferredSave.addons.json	DEBUG	Starting write
1503235114248	DeferredSave.extensions.json	DEBUG	Write succeeded
1503235114369	DeferredSave.addons.json	DEBUG	Write succeeded
[GPU 13496] WARNING: pipe error: 109: file c:/builds/moz2_slave/m-rel-w64-00000000000000000000/build/src/ipc/chromium/src/chrome/common/ipc_channel_win.cc, line 346
1503235121483	addons.xpi	DEBUG	Calling bootstrap method shutdown on webcompat@mozilla.org version 1.1
1503235121484	addons.xpi	DEBUG	Calling bootstrap method shutdown on screenshots@mozilla.org version 6.6.0
1503235121485	addons.xpi	DEBUG	Calling bootstrap method shutdown on firefox@getpocket.com version 1.0.5
1503235121486	addons.xpi	DEBUG	Calling bootstrap method shutdown on e10srollout@mozilla.org version 1.50
1503235121487	addons.xpi	DEBUG	Calling bootstrap method shutdown on aushelper@mozilla.org version 2.0
[GPU 13496] WARNING: pipe error: 109: file c:/builds/moz2_slave/m-rel-w64-00000000000000000000/build/src/ipc/chromium/src/chrome/common/ipc_channel_win.cc, line 346
[Child 23664] WARNING: pipe error: 109: file c:/builds/moz2_slave/m-rel-w64-00000000000000000000/build/src/ipc/chromium/src/chrome/common/ipc_channel_win.cc, line 346
[Child 23664] WARNING: pipe error: 109: file c:/builds/moz2_slave/m-rel-w64-00000000000000000000/build/src/ipc/chromium/src/chrome/common/ipc_channel_win.cc, line 346
1503235121871	addons.manager	DEBUG	shutdown
1503235121872	addons.manager	DEBUG	Calling shutdown blocker for XPIProvider
1503235121872	addons.xpi	DEBUG	shutdown
1503235121873	addons.xpi-utils	DEBUG	shutdown
1503235121874	addons.manager	DEBUG	Calling shutdown blocker for LightweightThemeManager
1503235121874	addons.manager	DEBUG	Calling shutdown blocker for GMPProvider
1503235121876	addons.manager	DEBUG	Calling shutdown blocker for PluginProvider
1503235121877	addons.manager	DEBUG	Calling shutdown blocker for <unnamed-provider>
1503235121878	addons.manager	DEBUG	Calling shutdown blocker for PreviousExperimentProvider
1503235121880	addons.xpi	DEBUG	Notifying XPI shutdown observers
1503235121885	addons.manager	DEBUG	Async provider shutdown done

###!!! [Child][MessageChannel::SendAndWait] Error: Channel error: cannot send/recv


	at org.openqa.selenium.firefox.internal.NewProfileExtensionConnection.start(NewProfileExtensionConnection.java:113)
	... 41 more
]]>
    </failure>
  </testcase> <!-- loginTest -->
</testsuite> <!-- com.epam.mentoringDesignPatternsTask.MailLoginTest -->
